TN:
SF:/Users/venkats/books/vsjavas/Book/code/testexpress/todo/public/javascripts/common/validate-task.js
FN:42,(anonymous_1)
FNF:1
FNH:1
FNDA:18,(anonymous_1)
DA:42,1
DA:43,18
DA:47,4
DA:49,14
DA:53,1
LF:5
LH:5
BRDA:43,1,0,4
BRDA:43,1,1,14
BRDA:43,2,0,18
BRDA:43,2,1,16
BRDA:43,2,2,13
BRDA:43,2,3,11
BRDA:43,2,4,10
BRDA:43,2,5,8
BRDA:43,2,6,7
BRDA:43,2,7,5
BRDA:53,3,0,1
BRDA:53,3,1,1
BRDA:53,3,2,1
BRF:13
BRH:13
end_of_record
TN:
SF:/Users/venkats/books/vsjavas/Book/code/testexpress/todo/db.js
FN:9,(anonymous_1)
FN:14,(anonymous_2)
FN:28,(anonymous_3)
FN:31,(anonymous_4)
FNF:4
FNH:4
FNDA:37,(anonymous_1)
FNDA:4,(anonymous_2)
FNDA:4,(anonymous_3)
FNDA:3,(anonymous_4)
DA:2,1
DA:6,1
DA:9,37
DA:16,4
DA:17,3
DA:19,3
DA:29,4
DA:31,4
DA:32,3
DA:33,3
DA:36,4
DA:37,4
DA:39,1
LF:13
LH:13
BRDA:16,1,0,3
BRDA:16,1,1,1
BRF:2
BRH:2
end_of_record
TN:
SF:/Users/venkats/books/vsjavas/Book/code/testexpress/todo/models/task.js
FN:13,(anonymous_1)
FN:20,(anonymous_2)
FN:33,(anonymous_3)
FN:38,(anonymous_4)
FN:67,(anonymous_5)
FN:68,(anonymous_6)
FNF:6
FNH:6
FNDA:3,(anonymous_1)
FNDA:2,(anonymous_2)
FNDA:4,(anonymous_3)
FNDA:3,(anonymous_4)
FNDA:3,(anonymous_5)
FNDA:3,(anonymous_6)
DA:2,1
DA:3,1
DA:6,1
DA:10,1
DA:12,1
DA:14,3
DA:21,2
DA:38,4
DA:39,3
DA:40,1
DA:43,2
DA:50,4
DA:52,3
DA:56,1
DA:68,3
DA:70,3
DA:71,2
DA:74,1
DA:77,3
LF:19
LH:19
BRDA:39,1,0,1
BRDA:39,1,1,2
BRDA:50,2,0,3
BRDA:50,2,1,1
BRDA:70,3,0,2
BRDA:70,3,1,1
BRF:6
BRH:6
end_of_record
TN:
SF:/Users/venkats/books/vsjavas/Book/code/testexpress/todo/routes/tasks.js
FN:16,(anonymous_1)
FN:17,(anonymous_2)
FN:24,(anonymous_3)
FN:25,(anonymous_4)
FN:35,(anonymous_5)
FN:36,(anonymous_6)
FN:46,(anonymous_7)
FN:47,(anonymous_8)
FNF:8
FNH:8
FNDA:1,(anonymous_1)
FNDA:1,(anonymous_2)
FNDA:2,(anonymous_3)
FNDA:2,(anonymous_4)
FNDA:2,(anonymous_5)
FNDA:2,(anonymous_6)
FNDA:2,(anonymous_7)
FNDA:2,(anonymous_8)
DA:2,1
DA:3,1
DA:5,1
DA:16,1
DA:17,1
DA:18,1
DA:24,1
DA:25,2
DA:26,2
DA:27,1
DA:29,1
DA:35,1
DA:36,2
DA:37,2
DA:38,1
DA:40,1
DA:46,1
DA:47,2
DA:48,2
DA:49,1
DA:51,1
DA:57,1
LF:22
LH:22
BRDA:26,1,0,1
BRDA:26,1,1,1
BRDA:37,2,0,1
BRDA:37,2,1,1
BRDA:48,3,0,1
BRDA:48,3,1,1
BRF:6
BRH:6
end_of_record
