{"/Users/venkats/books/vsjavas/Book/code/testexpress/todo/public/javascripts/common/validate-task.js":{"path":"/Users/venkats/books/vsjavas/Book/code/testexpress/todo/public/javascripts/common/validate-task.js","s":{"1":1,"2":18,"3":4,"4":14,"5":1},"b":{"1":[4,14],"2":[18,16,13,11,10,8,7,5],"3":[1,1,1]},"f":{"1":18},"fnMap":{"1":{"name":"(anonymous_1)","line":42,"loc":{"start":{"line":42,"column":19},"end":{"line":42,"column":34}}}},"statementMap":{"1":{"start":{"line":42,"column":0},"end":{"line":50,"column":1}},"2":{"start":{"line":43,"column":2},"end":{"line":47,"column":16}},"3":{"start":{"line":47,"column":4},"end":{"line":47,"column":16}},"4":{"start":{"line":49,"column":2},"end":{"line":49,"column":15}},"5":{"start":{"line":53,"column":0},"end":{"line":53,"column":60}}},"branchMap":{"1":{"line":43,"type":"if","locations":[{"start":{"line":43,"column":2},"end":{"line":43,"column":2}},{"start":{"line":43,"column":2},"end":{"line":43,"column":2}}]},"2":{"line":43,"type":"binary-expr","locations":[{"start":{"line":43,"column":6},"end":{"line":43,"column":10}},{"start":{"line":43,"column":14},"end":{"line":43,"column":23}},{"start":{"line":44,"column":4},"end":{"line":44,"column":14}},{"start":{"line":44,"column":18},"end":{"line":44,"column":36}},{"start":{"line":45,"column":4},"end":{"line":45,"column":12}},{"start":{"line":45,"column":16},"end":{"line":45,"column":32}},{"start":{"line":46,"column":4},"end":{"line":46,"column":13}},{"start":{"line":46,"column":17},"end":{"line":46,"column":34}}]},"3":{"line":53,"type":"binary-expr","locations":[{"start":{"line":53,"column":0},"end":{"line":53,"column":6}},{"start":{"line":53,"column":10},"end":{"line":53,"column":24}},{"start":{"line":53,"column":29},"end":{"line":53,"column":58}}]}}},"/Users/venkats/books/vsjavas/Book/code/testexpress/todo/db.js":{"path":"/Users/venkats/books/vsjavas/Book/code/testexpress/todo/db.js","s":{"1":1,"2":1,"3":37,"4":4,"5":3,"6":3,"7":4,"8":4,"9":3,"10":3,"11":4,"12":4,"13":1},"b":{"1":[3,1]},"f":{"1":37,"2":4,"3":4,"4":3},"fnMap":{"1":{"name":"(anonymous_1)","line":9,"loc":{"start":{"line":9,"column":7},"end":{"line":9,"column":18}}},"2":{"name":"(anonymous_2)","line":14,"loc":{"start":{"line":14,"column":10},"end":{"line":14,"column":21}}},"3":{"name":"(anonymous_3)","line":28,"loc":{"start":{"line":28,"column":11},"end":{"line":28,"column":38}}},"4":{"name":"(anonymous_4)","line":31,"loc":{"start":{"line":31,"column":26},"end":{"line":31,"column":44}}}},"statementMap":{"1":{"start":{"line":2,"column":0},"end":{"line":2,"column":49}},"2":{"start":{"line":6,"column":0},"end":{"line":45,"column":1}},"3":{"start":{"line":9,"column":20},"end":{"line":9,"column":43}},"4":{"start":{"line":16,"column":5},"end":{"line":21,"column":6}},"5":{"start":{"line":17,"column":7},"end":{"line":17,"column":31}},"6":{"start":{"line":19,"column":7},"end":{"line":19,"column":30}},"7":{"start":{"line":29,"column":4},"end":{"line":29,"column":20}},"8":{"start":{"line":31,"column":4},"end":{"line":34,"column":5}},"9":{"start":{"line":32,"column":6},"end":{"line":32,"column":26}},"10":{"start":{"line":33,"column":6},"end":{"line":33,"column":20}},"11":{"start":{"line":36,"column":4},"end":{"line":40,"column":5}},"12":{"start":{"line":37,"column":6},"end":{"line":37,"column":51}},"13":{"start":{"line":39,"column":6},"end":{"line":39,"column":19}}},"branchMap":{"1":{"line":16,"type":"if","locations":[{"start":{"line":16,"column":5},"end":{"line":16,"column":5}},{"start":{"line":16,"column":5},"end":{"line":16,"column":5}}]}}},"/Users/venkats/books/vsjavas/Book/code/testexpress/todo/models/task.js":{"path":"/Users/venkats/books/vsjavas/Book/code/testexpress/todo/models/task.js","s":{"1":1,"2":1,"3":1,"4":1,"5":1,"6":3,"7":2,"8":4,"9":3,"10":1,"11":2,"12":4,"13":3,"14":1,"15":3,"16":3,"17":2,"18":1,"19":3},"b":{"1":[1,2],"2":[3,1],"3":[2,1]},"f":{"1":3,"2":2,"3":4,"4":3,"5":3,"6":3},"fnMap":{"1":{"name":"(anonymous_1)","line":13,"loc":{"start":{"line":13,"column":7},"end":{"line":13,"column":26}}},"2":{"name":"(anonymous_2)","line":20,"loc":{"start":{"line":20,"column":7},"end":{"line":20,"column":34}}},"3":{"name":"(anonymous_3)","line":33,"loc":{"start":{"line":33,"column":7},"end":{"line":33,"column":35}}},"4":{"name":"(anonymous_4)","line":38,"loc":{"start":{"line":38,"column":16},"end":{"line":38,"column":36}}},"5":{"name":"(anonymous_5)","line":67,"loc":{"start":{"line":67,"column":10},"end":{"line":67,"column":37}}},"6":{"name":"(anonymous_6)","line":68,"loc":{"start":{"line":68,"column":23},"end":{"line":68,"column":45}}}},"statementMap":{"1":{"start":{"line":2,"column":0},"end":{"line":2,"column":26}},"2":{"start":{"line":3,"column":0},"end":{"line":3,"column":43}},"3":{"start":{"line":6,"column":0},"end":{"line":6,"column":73}},"4":{"start":{"line":10,"column":0},"end":{"line":10,"column":29}},"5":{"start":{"line":12,"column":0},"end":{"line":83,"column":1}},"6":{"start":{"line":14,"column":4},"end":{"line":14,"column":65}},"7":{"start":{"line":21,"column":4},"end":{"line":22,"column":56}},"8":{"start":{"line":38,"column":4},"end":{"line":45,"column":4}},"9":{"start":{"line":39,"column":6},"end":{"line":43,"column":70}},"10":{"start":{"line":40,"column":8},"end":{"line":40,"column":46}},"11":{"start":{"line":43,"column":8},"end":{"line":43,"column":70}},"12":{"start":{"line":50,"column":4},"end":{"line":56,"column":48}},"13":{"start":{"line":52,"column":6},"end":{"line":52,"column":66}},"14":{"start":{"line":56,"column":6},"end":{"line":56,"column":48}},"15":{"start":{"line":68,"column":4},"end":{"line":75,"column":5}},"16":{"start":{"line":70,"column":6},"end":{"line":74,"column":23}},"17":{"start":{"line":71,"column":8},"end":{"line":71,"column":72}},"18":{"start":{"line":74,"column":8},"end":{"line":74,"column":23}},"19":{"start":{"line":77,"column":4},"end":{"line":78,"column":63}}},"branchMap":{"1":{"line":39,"type":"if","locations":[{"start":{"line":39,"column":6},"end":{"line":39,"column":6}},{"start":{"line":39,"column":6},"end":{"line":39,"column":6}}]},"2":{"line":50,"type":"if","locations":[{"start":{"line":50,"column":4},"end":{"line":50,"column":4}},{"start":{"line":50,"column":4},"end":{"line":50,"column":4}}]},"3":{"line":70,"type":"if","locations":[{"start":{"line":70,"column":6},"end":{"line":70,"column":6}},{"start":{"line":70,"column":6},"end":{"line":70,"column":6}}]}}},"/Users/venkats/books/vsjavas/Book/code/testexpress/todo/routes/tasks.js":{"path":"/Users/venkats/books/vsjavas/Book/code/testexpress/todo/routes/tasks.js","s":{"1":1,"2":1,"3":1,"4":1,"5":1,"6":1,"7":1,"8":2,"9":2,"10":1,"11":1,"12":1,"13":2,"14":2,"15":1,"16":1,"17":1,"18":2,"19":2,"20":1,"21":1,"22":1},"b":{"1":[1,1],"2":[1,1],"3":[1,1]},"f":{"1":1,"2":1,"3":2,"4":2,"5":2,"6":2,"7":2,"8":2},"fnMap":{"1":{"name":"(anonymous_1)","line":16,"loc":{"start":{"line":16,"column":16},"end":{"line":16,"column":41}}},"2":{"name":"(anonymous_2)","line":17,"loc":{"start":{"line":17,"column":11},"end":{"line":17,"column":32}}},"3":{"name":"(anonymous_3)","line":24,"loc":{"start":{"line":24,"column":19},"end":{"line":24,"column":44}}},"4":{"name":"(anonymous_4)","line":25,"loc":{"start":{"line":25,"column":26},"end":{"line":25,"column":46}}},"5":{"name":"(anonymous_5)","line":35,"loc":{"start":{"line":35,"column":17},"end":{"line":35,"column":42}}},"6":{"name":"(anonymous_6)","line":36,"loc":{"start":{"line":36,"column":21},"end":{"line":36,"column":35}}},"7":{"name":"(anonymous_7)","line":46,"loc":{"start":{"line":46,"column":22},"end":{"line":46,"column":47}}},"8":{"name":"(anonymous_8)","line":47,"loc":{"start":{"line":47,"column":29},"end":{"line":47,"column":43}}}},"statementMap":{"1":{"start":{"line":2,"column":0},"end":{"line":2,"column":33}},"2":{"start":{"line":3,"column":0},"end":{"line":3,"column":37}},"3":{"start":{"line":5,"column":0},"end":{"line":5,"column":30}},"4":{"start":{"line":16,"column":0},"end":{"line":20,"column":3}},"5":{"start":{"line":17,"column":2},"end":{"line":19,"column":5}},"6":{"start":{"line":18,"column":4},"end":{"line":18,"column":20}},"7":{"start":{"line":24,"column":0},"end":{"line":31,"column":3}},"8":{"start":{"line":25,"column":2},"end":{"line":30,"column":5}},"9":{"start":{"line":26,"column":4},"end":{"line":29,"column":19}},"10":{"start":{"line":27,"column":6},"end":{"line":27,"column":21}},"11":{"start":{"line":29,"column":6},"end":{"line":29,"column":19}},"12":{"start":{"line":35,"column":0},"end":{"line":42,"column":3}},"13":{"start":{"line":36,"column":2},"end":{"line":41,"column":5}},"14":{"start":{"line":37,"column":4},"end":{"line":40,"column":29}},"15":{"start":{"line":38,"column":6},"end":{"line":38,"column":28}},"16":{"start":{"line":40,"column":6},"end":{"line":40,"column":29}},"17":{"start":{"line":46,"column":0},"end":{"line":53,"column":3}},"18":{"start":{"line":47,"column":2},"end":{"line":52,"column":5}},"19":{"start":{"line":48,"column":4},"end":{"line":51,"column":31}},"20":{"start":{"line":49,"column":6},"end":{"line":49,"column":28}},"21":{"start":{"line":51,"column":6},"end":{"line":51,"column":31}},"22":{"start":{"line":57,"column":0},"end":{"line":57,"column":24}}},"branchMap":{"1":{"line":26,"type":"if","locations":[{"start":{"line":26,"column":4},"end":{"line":26,"column":4}},{"start":{"line":26,"column":4},"end":{"line":26,"column":4}}]},"2":{"line":37,"type":"if","locations":[{"start":{"line":37,"column":4},"end":{"line":37,"column":4}},{"start":{"line":37,"column":4},"end":{"line":37,"column":4}}]},"3":{"line":48,"type":"if","locations":[{"start":{"line":48,"column":4},"end":{"line":48,"column":4}},{"start":{"line":48,"column":4},"end":{"line":48,"column":4}}]}}}}